<?xml version="1.0" encoding="UTF-8"?>
<!-- Generated by org.testng.reporters.JUnitXMLReporter -->
<testsuite hostname="TRVLHGN9NN2" ignored="0" name="Test" tests="1" failures="0" timestamp="2021-08-14T00:16:43 IST" time="0.042" errors="0">
  <testcase name="@BeforeTest beforeTest" time="-1.628880403038E9" classname="testngclass.pckg.LaunchParam">
    <failure type="org.testng.TestNGException" message="
Parameter &amp;apos;browser1&amp;apos; is required by BeforeTest on method beforeTest but has not been marked @Optional or defined
in C:\Eclipsesoftwares\NGTutorial\testnglaunchpara.xml">
      <![CDATA[org.testng.TestNGException: 
Parameter 'browser1' is required by BeforeTest on method beforeTest but has not been marked @Optional or defined
in C:\Eclipsesoftwares\NGTutorial\testnglaunchpara.xml
... Removed 22 stack frames]]>
    </failure>
  </testcase> <!-- @BeforeTest beforeTest -->
  <testcase name="@AfterTest afterTest" time="-1.628880403075E9" classname="testngclass.pckg.LaunchParam">
    <skipped/>
  </testcase> <!-- @AfterTest afterTest -->
  <testcase name="f" time="0.0" classname="testngclass.pckg.LaunchParam">
    <skipped/>
  </testcase> <!-- f -->
</testsuite> <!-- Test -->
