<?xml version="1.0" encoding="UTF-8"?>
<!-- Generated by org.testng.reporters.JUnitReportReporter -->
<testsuite skipped="1" hostname="TRVLHGN9NN2" name="testngclass.pckg.LaunchParam" tests="2" failures="0" timestamp="2021-09-21T01:27:47 IST" time="-1632167936.000" errors="1">
  <testcase name="beforeTest" time="-1632167936.000" classname="testngclass.pckg.LaunchParam">
    <error type="org.testng.TestNGException" message="
Parameter &#039;browser1&#039; is required by BeforeTest on method beforeTest but has not been marked @Optional or defined
in C:\Eclipsesoftwares\NGTutorial\testnglaunchpara.xml">
      <![CDATA[org.testng.TestNGException: 
Parameter 'browser1' is required by BeforeTest on method beforeTest but has not been marked @Optional or defined
in C:\Eclipsesoftwares\NGTutorial\testnglaunchpara.xml
at org.testng.internal.Parameters.createParams(Parameters.java:270)
at org.testng.internal.Parameters.createParametersForMethod(Parameters.java:358)
at org.testng.internal.Parameters.createParameters(Parameters.java:700)
at org.testng.internal.Parameters.createConfigurationParameters(Parameters.java:168)
at org.testng.internal.ConfigInvoker.invokeConfigurations(ConfigInvoker.java:302)
at org.testng.TestRunner.invokeTestConfigurations(TestRunner.java:637)
at org.testng.TestRunner.beforeRun(TestRunner.java:627)
at org.testng.TestRunner.run(TestRunner.java:589)
at org.testng.SuiteRunner.runTest(SuiteRunner.java:377)
at org.testng.SuiteRunner.access$000(SuiteRunner.java:28)
at org.testng.SuiteRunner$SuiteWorker.run(SuiteRunner.java:418)
at org.testng.internal.thread.ThreadUtil.lambda$execute$0(ThreadUtil.java:64)
at java.util.concurrent.FutureTask.run(FutureTask.java:266)
at java.util.concurrent.ThreadPoolExecutor.runWorker(ThreadPoolExecutor.java:1149)
at java.util.concurrent.ThreadPoolExecutor$Worker.run(ThreadPoolExecutor.java:624)
at java.lang.Thread.run(Thread.java:748)
]]>
    </error>
  </testcase> <!-- beforeTest -->
  <system-out/>
  <testcase name="f" time="0.000" classname="testngclass.pckg.LaunchParam">
    <skipped/>
  </testcase> <!-- f -->
  <system-out/>
</testsuite> <!-- testngclass.pckg.LaunchParam -->
